0 info it worked if it ends with ok
1 verbose cli [ '/usr/bin/nodejs', '/usr/bin/npm', 'run-script', 'dev' ]
2 info using npm@3.8.7
3 info using node@v5.9.1
4 verbose stack Error: missing script: dev
4 verbose stack     at run (/usr/lib/node_modules/npm/lib/run-script.js:147:19)
4 verbose stack     at /usr/lib/node_modules/npm/lib/run-script.js:57:5
4 verbose stack     at /usr/lib/node_modules/npm/node_modules/read-package-json/read-json.js:345:5
4 verbose stack     at checkBinReferences_ (/usr/lib/node_modules/npm/node_modules/read-package-json/read-json.js:309:45)
4 verbose stack     at final (/usr/lib/node_modules/npm/node_modules/read-package-json/read-json.js:343:3)
4 verbose stack     at then (/usr/lib/node_modules/npm/node_modules/read-package-json/read-json.js:113:5)
4 verbose stack     at ReadFileContext.<anonymous> (/usr/lib/node_modules/npm/node_modules/read-package-json/read-json.js:284:20)
4 verbose stack     at ReadFileContext.callback (/usr/lib/node_modules/npm/node_modules/graceful-fs/graceful-fs.js:78:16)
4 verbose stack     at FSReqWrap.readFileAfterOpen [as oncomplete] (fs.js:324:13)
5 verbose cwd /home/kyle/popcorn/popcorn-engine
6 error Linux 3.19.0-25-generic
7 error argv "/usr/bin/nodejs" "/usr/bin/npm" "run-script" "dev"
8 error node v5.9.1
9 error npm  v3.8.7
10 error missing script: dev
11 error If you need help, you may report this error at:
11 error     <https://github.com/npm/npm/issues>
12 verbose exit [ 1, true ]
